<?xml version="1.0" encoding="UTF-8" ?>
<testsuite tests="3" failures="0" name="org.tests.MammalTest" time="0.345" errors="0" skipped="0">
  <properties>
    <property name="java.runtime.name" value="Java(TM) SE Runtime Environment"/>
    <property name="java.vm.version" value="18.0.2+9-61"/>
    <property name="sun.boot.library.path" value="C:\Program Files\Java\jdk-18.0.2\bin"/>
    <property name="maven.multiModuleProjectDirectory" value="E:\tsi\tsi"/>
    <property name="java.vm.vendor" value="Oracle Corporation"/>
    <property name="java.vendor.url" value="https://java.oracle.com/"/>
    <property name="guice.disable.misplaced.annotation.check" value="true"/>
    <property name="path.separator" value=";"/>
    <property name="java.vm.name" value="Java HotSpot(TM) 64-Bit Server VM"/>
    <property name="sun.os.patch.level" value=""/>
    <property name="user.script" value=""/>
    <property name="user.country" value="GB"/>
    <property name="sun.java.launcher" value="SUN_STANDARD"/>
    <property name="java.vm.specification.name" value="Java Virtual Machine Specification"/>
    <property name="user.dir" value="E:\tsi\tsi"/>
    <property name="java.vm.compressedOopsMode" value="32-bit"/>
    <property name="java.runtime.version" value="18.0.2+9-61"/>
    <property name="os.arch" value="amd64"/>
    <property name="java.io.tmpdir" value="C:\Users\kondr\AppData\Local\Temp\"/>
    <property name="line.separator" value="
"/>
    <property name="java.vm.specification.vendor" value="Oracle Corporation"/>
    <property name="user.variant" value=""/>
    <property name="os.name" value="Windows 10"/>
    <property name="classworlds.conf" value="C:\Program Files\Java\apache-maven-3.8.6\bin\m2.conf"/>
    <property name="sun.jnu.encoding" value="Cp1252"/>
    <property name="java.library.path" value="C:\Program Files\Java\jdk-18.0.2\bin;C:\WINDOWS\Sun\Java\bin;C:\WINDOWS\system32;C:\WINDOWS;C:\Program Files\Common Files\Oracle\Java\javapath;C:\Program Files (x86)\Common Files\Oracle\Java\javapath;C:\Python39\Scripts\;C:\Python39\;C:\Python38\;C:\WINDOWS\system32;C:\WINDOWS;C:\WINDOWS\System32\Wbem;C:\WINDOWS\System32\WindowsPowerShell\v1.0\;C:\WINDOWS\System32\OpenSSH\;C:\Program Files (x86)\Calibre2\;C:\ProgramData\chocolatey\bin;C:\xampp\php;C:\Program Files\R\R-3.6.2\bin;C:\MinGW\bin;C:\Users\kondr\AppData\Local\Programs\Python\Python35;C:\users\kondr\appdata\local\programs\python\python35\lib\site-packages;C:\Users\kondr\AppData\Local\Programs\Python\Python37-32;C:\Users\kondr\AppData\Local\Programs\Python\Python37-32\Scripts;C:\Program Files\Git\cmd;C:\Program Files\LLVM\bin;C:\Program Files\Mullvad VPN\resources;C:\Program Files\nodejs\;C:\Program Files\Amazon\AWSCLIV2\;C:\Program Files\dotnet\;C:\Users\kondr\AppData\Local\Programs\Python\Python37-32\Scripts\;C:\Users\kondr\AppData\Local\Programs\Python\Python37-32\;C:\Users\kondr\AppData\Local\Programs\Python\Python36\Scripts\;C:\Users\kondr\AppData\Local\Programs\Python\Python36\;C:\Users\kondr\AppData\Local\Programs\Python\Python35\Scripts\;C:\Users\kondr\AppData\Local\Programs\Python\Python35\;C:\Users\kondr\AppData\Local\Microsoft\WindowsApps;C:\Program Files\JetBrains\IntelliJ IDEA Community Edition 2019.3.2\bin;E:\texlive\texlive\2019\bin\win32;C:/Program Files/JetBrains/IntelliJ IDEA Community Edition 2019.2.3/plugins/maven/lib/maven3\bin;C:\Program Files\Java\jdk-13.0.1\bin;C:\Users\kondr\AppData\Local\GitHubDesktop\bin;C:\Python;E:\PyCharm Community Edition 2019.3.3\bin;C:\Python38\Scripts;C:\Users\kondr\AppData\Local\Microsoft\WindowsApps;C:\Users\kondr\AppData\Local\Programs\Microsoft VS Code\bin;C:\Program Files\JetBrains\IntelliJ IDEA 2021.2.3\bin;C:\Users\kondr\.emacs.d\bin;C:\Users\kondr\AppData\Roaming\npm;C:\Program Files\BraveSoftware\Brave-Browser\Application;C:\Users\kondr\.dotnet\tools;C:\Users\kondr\AppData\Local\Pandoc\;C:\Program Files\Java\jdk-18.0.2\bin;E:\tsi\IntelliJ IDEA Community Edition 2022.2\bin;C:\Program Files\Java\apache-maven-3.8.6\bin;."/>
    <property name="maven.conf" value="C:\Program Files\Java\apache-maven-3.8.6/conf"/>
    <property name="jdk.debug" value="release"/>
    <property name="java.class.version" value="62.0"/>
    <property name="java.specification.name" value="Java Platform API Specification"/>
    <property name="sun.management.compiler" value="HotSpot 64-Bit Tiered Compilers"/>
    <property name="os.version" value="10.0"/>
    <property name="library.jansi.path" value="C:\Program Files\Java\apache-maven-3.8.6\lib\jansi-native"/>
    <property name="user.home" value="C:\Users\kondr"/>
    <property name="user.timezone" value="Europe/London"/>
    <property name="file.encoding" value="UTF-8"/>
    <property name="java.specification.version" value="18"/>
    <property name="user.name" value="kondr"/>
    <property name="java.class.path" value="C:\Program Files\Java\apache-maven-3.8.6\boot\plexus-classworlds-2.6.0.jar"/>
    <property name="java.vm.specification.version" value="18"/>
    <property name="sun.arch.data.model" value="64"/>
    <property name="sun.java.command" value="org.codehaus.plexus.classworlds.launcher.Launcher test"/>
    <property name="java.home" value="C:\Program Files\Java\jdk-18.0.2"/>
    <property name="user.language" value="en"/>
    <property name="java.specification.vendor" value="Oracle Corporation"/>
    <property name="java.vm.info" value="mixed mode, sharing"/>
    <property name="java.version" value="18.0.2"/>
    <property name="native.encoding" value="Cp1252"/>
    <property name="java.vendor" value="Oracle Corporation"/>
    <property name="sun.stderr.encoding" value="cp850"/>
    <property name="maven.home" value="C:\Program Files\Java\apache-maven-3.8.6"/>
    <property name="file.separator" value="\"/>
    <property name="java.version.date" value="2022-07-19"/>
    <property name="java.vendor.url.bug" value="https://bugreport.java.com/bugreport/"/>
    <property name="sun.io.unicode.encoding" value="UnicodeLittle"/>
    <property name="sun.cpu.endian" value="little"/>
    <property name="sun.stdout.encoding" value="cp850"/>
    <property name="sun.cpu.isalist" value="amd64"/>
  </properties>
  <testcase classname="org.tests.MammalTest" name="org.tests.MammalTest.test_mammal_cross_breeding" time="0"/>
  <testcase classname="org.tests.MammalTest" name="org.tests.MammalTest.test_mammal_breeding" time="0.345"/>
  <testcase classname="org.tests.MammalTest" name="org.tests.MammalTest.test_mammal_breathing" time="0"/>
</testsuite>